<?xml version="1.0"?>
<dataset>
    <options group="default" key="variable1" value="value1"/>
    <options group="default" key="variable2" value="test"/>
</dataset>
